c:\users\milro\source\repos\mmorpgserver\mmorpgserver\x64\debug\vc143.pdb
c:\users\milro\source\repos\mmorpgserver\mmorpgserver\x64\debug\vc143.idb
c:\users\milro\source\repos\mmorpgserver\mmorpgserver\x64\debug\mmorpgserver.obj
c:\users\milro\source\repos\mmorpgserver\mmorpgserver\x64\debug\jobqueue.obj
c:\users\milro\source\repos\mmorpgserver\mmorpgserver\x64\debug\jobmanager.obj
c:\users\milro\source\repos\mmorpgserver\mmorpgserver\x64\debug\protocol.pb.obj
c:\users\milro\source\repos\mmorpgserver\mmorpgserver\x64\debug\playerprotocol.pb.obj
c:\users\milro\source\repos\mmorpgserver\x64\debug\mmorpgserver.pdb
c:\users\milro\source\repos\mmorpgserver\mmorpgserver\x64\debug\mmorpgserver.tlog\cl.command.1.tlog
c:\users\milro\source\repos\mmorpgserver\mmorpgserver\x64\debug\mmorpgserver.tlog\cl.read.1.tlog
c:\users\milro\source\repos\mmorpgserver\mmorpgserver\x64\debug\mmorpgserver.tlog\cl.write.1.tlog
c:\users\milro\source\repos\mmorpgserver\mmorpgserver\x64\debug\mmorpgserver.tlog\link-cvtres.read.1.tlog
c:\users\milro\source\repos\mmorpgserver\mmorpgserver\x64\debug\mmorpgserver.tlog\link-cvtres.write.1.tlog
c:\users\milro\source\repos\mmorpgserver\mmorpgserver\x64\debug\mmorpgserver.tlog\link-rc.read.1.tlog
c:\users\milro\source\repos\mmorpgserver\mmorpgserver\x64\debug\mmorpgserver.tlog\link-rc.write.1.tlog
c:\users\milro\source\repos\mmorpgserver\mmorpgserver\x64\debug\mmorpgserver.tlog\link.command.1.tlog
c:\users\milro\source\repos\mmorpgserver\mmorpgserver\x64\debug\mmorpgserver.tlog\link.read.1.tlog
c:\users\milro\source\repos\mmorpgserver\mmorpgserver\x64\debug\mmorpgserver.tlog\link.read.2.tlog
c:\users\milro\source\repos\mmorpgserver\mmorpgserver\x64\debug\mmorpgserver.tlog\link.read.3.tlog
c:\users\milro\source\repos\mmorpgserver\mmorpgserver\x64\debug\mmorpgserver.tlog\link.read.4.tlog
c:\users\milro\source\repos\mmorpgserver\mmorpgserver\x64\debug\mmorpgserver.tlog\link.write.1.tlog
